<?xml version="1.0" encoding="UTF-8"?>
<!-- Generated by org.testng.reporters.JUnitReportReporter -->
<testsuite hostname="TYSS-MF-052" name="com.tyss.scripts.StackOverflowLogin" tests="1" failures="0" timestamp="11 Feb 2016 06:05:32 GMT" time="4.375" errors="0">
  <testcase name="login" time="4.375" classname="com.tyss.scripts.StackOverflowLogin"/>
</testsuite> <!-- com.tyss.scripts.StackOverflowLogin -->
