<?xml version="1.0" encoding="UTF-8"?>
<!-- Generated by org.testng.reporters.JUnitReportReporter -->
<testsuite hostname="TYSS-MF-052" name="com.tyss.scripts.StackOverflowLogin" tests="1" failures="0" timestamp="10 Feb 2016 10:19:26 GMT" time="5.465" errors="0">
  <testcase name="login" time="5.465" classname="com.tyss.scripts.StackOverflowLogin"/>
</testsuite> <!-- com.tyss.scripts.StackOverflowLogin -->
